<?xml version="1.0" encoding="UTF-8"?>
<!-- Generated by org.testng.reporters.JUnitReportReporter -->
<testsuite skipped="0" hostname="IFM-WKS09" name="exercises.HelloWorldTest" tests="1" failures="0" timestamp="27 Dec 2017 12:56:38 GMT" time="0.001" errors="0">
  <testcase name="printText" time="0.001" classname="exercises.HelloWorldTest"/>
</testsuite> <!-- exercises.HelloWorldTest -->
