<?xml version="1.0" encoding="UTF-8"?>
<!-- Generated by org.testng.reporters.JUnitReportReporter -->
<testsuite skipped="0" hostname="IFM-WKS09" name="exercises.AboutMethods" tests="2" failures="0" timestamp="27 Dec 2017 12:56:38 GMT" time="0.010" errors="0">
  <testcase name="printProduct" time="0.010" classname="exercises.AboutMethods"/>
  <testcase name="printProductTwo" time="0.000" classname="exercises.AboutMethods"/>
</testsuite> <!-- exercises.AboutMethods -->
