<?xml version="1.0" encoding="UTF-8"?>
<!-- Generated by org.testng.reporters.JUnitReportReporter -->
<testsuite skipped="0" hostname="IFM-WKS09" name="exercises.FirstSeleniumTest" tests="1" failures="0" timestamp="27 Dec 2017 12:56:38 GMT" time="8.586" errors="0">
  <testcase name="logInSuccessFull" time="8.586" classname="exercises.FirstSeleniumTest"/>
</testsuite> <!-- exercises.FirstSeleniumTest -->
